Flutter crash report.
Please report a bug at https://github.com/flutter/flutter/issues.

## command

flutter build web --release

## exception

FileSystemException: FileSystemException: Failed to decode data using encoding 'utf-8', path = 'C:\Users\fabio\ronda_equipamentos\smart_ronda_ti\.gitignore'

```
#0      _File._tryDecode (dart:io/file_impl.dart:704:7)
#1      _File.readAsStringSync (dart:io/file_impl.dart:715:7)
#2      _File.readAsLinesSync (dart:io/file_impl.dart:721:36)
#3      ForwardingFile.readAsLinesSync (package:file/src/forwarding/forwarding_file.dart:107:16)
#4      ForwardingFile.readAsLinesSync (package:file/src/forwarding/forwarding_file.dart:107:16)
#5      ProjectMigrator.processFileLines (package:flutter_tools/src/base/project_migrator.dart:40:37)
#6      ScrubGeneratedPluginRegistrant.migrate (package:flutter_tools/src/web/migrations/scrub_generated_plugin_registrant.dart:28:7)
#7      ProjectMigration.run (package:flutter_tools/src/base/project_migrator.dart:86:22)
#8      WebBuilder.buildWeb (package:flutter_tools/src/web/compile.dart:102:21)
<asynchronous suspension>
#9      BuildWebCommand.runCommand (package:flutter_tools/src/commands/build_web.dart:293:5)
<asynchronous suspension>
#10     FlutterCommand.run.<anonymous closure> (package:flutter_tools/src/runner/flutter_command.dart:1630:27)
<asynchronous suspension>
#11     AppContext.run.<anonymous closure> (package:flutter_tools/src/base/context.dart:154:19)
<asynchronous suspension>
#12     CommandRunner.runCommand (package:args/command_runner.dart:212:13)
<asynchronous suspension>
#13     FlutterCommandRunner.runCommand.<anonymous closure> (package:flutter_tools/src/runner/flutter_command_runner.dart:496:9)
<asynchronous suspension>
#14     AppContext.run.<anonymous closure> (package:flutter_tools/src/base/context.dart:154:19)
<asynchronous suspension>
#15     FlutterCommandRunner.runCommand (package:flutter_tools/src/runner/flutter_command_runner.dart:431:5)
<asynchronous suspension>
#16     FlutterCommandRunner.run.<anonymous closure> (package:flutter_tools/src/runner/flutter_command_runner.dart:307:33)
<asynchronous suspension>
#17     run.<anonymous closure>.<anonymous closure> (package:flutter_tools/runner.dart:104:11)
<asynchronous suspension>
#18     AppContext.run.<anonymous closure> (package:flutter_tools/src/base/context.dart:154:19)
<asynchronous suspension>
#19     main (package:flutter_tools/executable.dart:103:3)
<asynchronous suspension>
```

## flutter doctor

```
[33m[!][39m Flutter (Channel stable, 3.44.0, on Microsoft Windows [versÆo 10.0.26200.8655], locale pt-BR) [309ms]
    [32m•[39m Flutter version 3.44.0 on channel stable at C:\flutter
    [33m![39m Warning: `flutter` on your path resolves to C:\Users\fabio\ronda_equipamentos\smart_ronda_ti\flutter, which is not inside your current Flutter SDK checkout at C:\flutter.
      Consider adding C:\flutter\bin to the front of your path.
    [32m•[39m Upstream repository https://github.com/flutter/flutter.git
    [32m•[39m Framework revision 559ffa3f75 (5 weeks ago), 2026-05-15 14:13:13 -0700
    [32m•[39m Engine revision 4c525dac5e
    [32m•[39m Dart version 3.12.0
    [32m•[39m DevTools version 2.57.0
    [32m•[39m Feature flags: enable-web, enable-linux-desktop, enable-macos-desktop, enable-windows-desktop, enable-android, enable-ios, cli-animations, enable-native-assets,
      enable-swift-package-manager, omit-legacy-version-file, enable-lldb-debugging, enable-uiscene-migration
    [32m•[39m If those were intentional, you can disregard the above warnings; however it is recommended to use "git" directly to perform update checks and upgrades.

[32m[✓][39m Windows Version (Windows 11 or higher, 25H2, 2009) [833ms]

[32m[✓][39m Android toolchain - develop for Android devices (Android SDK version 36.1.0) [1.965ms]
    [32m•[39m Android SDK at C:\Users\fabio\AppData\Local\Android\sdk
    [32m•[39m Emulator version 36.6.11.0 (build_id 15507667) (CL:N/A)
    [32m•[39m Platform android-36.1, build-tools 36.1.0
    [32m•[39m Java binary at: C:\Program Files\Android\Android Studio\jbr\bin\java
      This is the JDK bundled with the latest Android Studio installation on this machine.
      To manually set the JDK path, use: `flutter config --jdk-dir="path/to/jdk"`.
    [32m•[39m Java version OpenJDK Runtime Environment (build 21.0.10+-14961533-b1163.108)
    [32m•[39m All Android licenses accepted.

[32m[✓][39m Chrome - develop for the web [121ms]
    [32m•[39m Chrome at C:\Program Files\Google\Chrome\Application\chrome.exe

[32m[✓][39m Visual Studio - develop Windows apps (Ferramentas de Build do Visual Studio 2026 18.7.1) [119ms]
    [32m•[39m Visual Studio at C:\Program Files (x86)\Microsoft Visual Studio\18\BuildTools
    [32m•[39m Ferramentas de Build do Visual Studio 2026 version 18.7.11911.148
    [32m•[39m Windows 10 SDK version 10.0.26100.0

[32m[✓][39m Connected device (3 available) [349ms]
    [32m•[39m Windows (desktop) • windows • windows-x64    • Microsoft Windows [versÆo 10.0.26200.8655]
    [32m•[39m Chrome (web)      • chrome  • web-javascript • Google Chrome 149.0.7827.115
    [32m•[39m Edge (web)        • edge    • web-javascript • Microsoft Edge 149.0.4022.80

[32m[✓][39m Network resources [570ms]
    [32m•[39m All expected network resources are available.

[33m![39m Doctor found issues in 1 category.
```
